[2024-09-15 16:59:19] [ INFO ] [ClienteDaoImp:27] Buscando todos los clientes.
[2024-09-15 16:59:19] [ INFO ] [ClienteDaoImp:29] Número de clientes encontrados: 0
[2024-09-15 16:59:21] [ INFO ] [ClienteDaoImp:27] Buscando todos los clientes.
[2024-09-15 16:59:21] [ INFO ] [ClienteDaoImp:29] Número de clientes encontrados: 0
[2024-09-15 16:59:29] [ INFO ] [ClienteDaoImp:52] Cliente guardado con éxito: Cliente(id=1, nombre=Isabela, apellido=M1, email=isabelamontoya2021@gmail.com, createAt=Sun Sep 15 16:59:29 COT 2024)
[2024-09-15 16:59:29] [ INFO ] [ClienteDaoImp:27] Buscando todos los clientes.
[2024-09-15 16:59:29] [ INFO ] [ClienteDaoImp:29] Número de clientes encontrados: 1
[2024-09-15 16:59:35] [ INFO ] [ClienteDaoImp:83] Eliminando cliente con ID: 1
[2024-09-15 16:59:35] [ INFO ] [ClienteDaoImp:63] Buscando cliente con ID: 1
[2024-09-15 16:59:35] [ INFO ] [ClienteDaoImp:68] Cliente encontrado: Cliente(id=1, nombre=Isabela, apellido=M1, email=isabelamontoya2021@gmail.com, createAt=2024-09-15)
[2024-09-15 16:59:35] [ INFO ] [ClienteDaoImp:88] Cliente eliminado con éxito: Cliente(id=1, nombre=Isabela, apellido=M1, email=isabelamontoya2021@gmail.com, createAt=2024-09-15)
[2024-09-15 16:59:35] [ INFO ] [ClienteDaoImp:27] Buscando todos los clientes.
[2024-09-15 16:59:35] [ INFO ] [ClienteDaoImp:29] Número de clientes encontrados: 0
[2024-09-15 17:00:54] [ INFO ] [ClienteDaoImp:27] Buscando todos los clientes.
[2024-09-15 17:00:54] [ INFO ] [ClienteDaoImp:29] Número de clientes encontrados: 0
[2024-09-15 17:05:25] [ INFO ] [ProductoDaoImp:25] Buscando todos los productos.
[2024-09-15 17:05:26] [ INFO ] [ProductoDaoImp:27] Número de productos encontrados: 0
[2024-09-15 17:06:56] [ INFO ] [ProductoDaoImp:25] Buscando todos los productos.
[2024-09-15 17:06:56] [ INFO ] [ProductoDaoImp:27] Número de productos encontrados: 0
[2024-09-15 17:08:45] [ INFO ] [ClienteDaoImp:27] Buscando todos los clientes.
[2024-09-15 17:08:45] [ INFO ] [ClienteDaoImp:29] Número de clientes encontrados: 0
[2024-09-15 17:09:16] [ INFO ] [ClienteDaoImp:27] Buscando todos los clientes.
[2024-09-15 17:09:17] [ INFO ] [ClienteDaoImp:29] Número de clientes encontrados: 0
[2024-09-15 17:09:31] [ INFO ] [ProductoDaoImp:25] Buscando todos los productos.
[2024-09-15 17:09:31] [ INFO ] [ProductoDaoImp:27] Número de productos encontrados: 0
[2024-09-15 17:13:27] [ INFO ] [ProductoDaoImp:25] Buscando todos los productos.
[2024-09-15 17:13:27] [ INFO ] [ProductoDaoImp:27] Número de productos encontrados: 0
[2024-09-15 17:13:29] [ INFO ] [ClienteDaoImp:27] Buscando todos los clientes.
[2024-09-15 17:13:29] [ INFO ] [ClienteDaoImp:29] Número de clientes encontrados: 0
[2024-09-15 17:13:29] [ INFO ] [ProductoDaoImp:25] Buscando todos los productos.
[2024-09-15 17:13:29] [ INFO ] [ProductoDaoImp:27] Número de productos encontrados: 0
[2024-09-15 17:15:01] [ INFO ] [ProductoDaoImp:25] Buscando todos los productos.
[2024-09-15 17:15:02] [ INFO ] [ProductoDaoImp:27] Número de productos encontrados: 0
[2024-09-15 17:16:32] [ INFO ] [ProductoDaoImp:25] Buscando todos los productos.
[2024-09-15 17:16:32] [ INFO ] [ProductoDaoImp:27] Número de productos encontrados: 0
[2024-09-15 17:17:47] [ INFO ] [ProductoDaoImp:25] Buscando todos los productos.
[2024-09-15 17:17:47] [ INFO ] [ProductoDaoImp:27] Número de productos encontrados: 0
[2024-09-15 17:19:00] [ INFO ] [ProductoDaoImp:25] Buscando todos los productos.
[2024-09-15 17:19:01] [ INFO ] [ProductoDaoImp:27] Número de productos encontrados: 0
[2024-09-15 17:19:15] [ INFO ] [ProductoDaoImp:25] Buscando todos los productos.
[2024-09-15 17:19:15] [ INFO ] [ProductoDaoImp:27] Número de productos encontrados: 0
